Engine-Match Tuesday, March 7, 2023 4:20:00 PM
 Tournament Game in 5 Minutes 

Pairing 1/1 :    SOS 5.1 for Arena  -  Chess Engine UCI

PGN-File: C:\Program Files (x86)\Arena\Arena.pgn

No:  B/W 1/2     W:B       1:2           Time        Value Moves Dep 1:2       1-2-Draws
   1 * *     0.0:0.0        0.0:0.0       4:20:29 PM     0.00     1 0:0 0-0-0

--------------------------------------------------------------

Engine-Match Tuesday, March 7, 2023 4:22:40 PM
 Tournament Game in 5 Minutes 

Pairing 1/1 :    SOS 5.1 for Arena  -  Chess Engine UCI

PGN-File: C:\Program Files (x86)\Arena\Arena.pgn

No:  B/W 1/2     W:B       1:2           Time        Value Moves Dep 1:2       1-2-Draws
   1 * *     0.0:0.0        0.0:0.0       4:23:18 PM     0.00     0 0:0 0-0-0

--------------------------------------------------------------

Engine-Match Tuesday, March 7, 2023 4:25:59 PM
 Tournament Game in 5 Minutes 

Pairing 1/1 :    SOS 5.1 for Arena  -  Chess Engine UCI

PGN-File: C:\Program Files (x86)\Arena\Arena.pgn

No:  B/W 1/2     W:B       1:2           Time        Value Moves Dep 1:2       1-2-Draws
   1 * *     0.0:0.0        0.0:0.0       4:30:17 PM    +0.11    10 11.500 :7.667  0-0-0

--------------------------------------------------------------

Engine-Match Tuesday, March 7, 2023 4:40:21 PM
 Tournament Game in 5 Minutes 

Pairing 1/1 :    SOS 5.1 for Arena  -  Chess Engine UCI

PGN-File: C:\Program Files (x86)\Arena\Arena.pgn

No:  B/W 1/2     W:B       1:2           Time        Value Moves Dep 1:2       1-2-Draws
   1 * *     0.0:0.0        0.0:0.0       4:43:49 PM    -0.04    18 12.111 :8.556  0-0-0
